<?xml version="1.0" encoding="UTF-8" ?>
<testsuite failures="0" time="0.946" errors="0" skipped="0" tests="1" name="de.spinscale.dropwizard.jobs.JobsBundleTest">
  <properties>
    <property name="java.runtime.name" value="Java(TM) SE Runtime Environment"/>
    <property name="sun.boot.library.path" value="C:\Program Files\Java\jdk1.7.0_15\jre\bin"/>
    <property name="java.vm.version" value="23.7-b01"/>
    <property name="java.vm.vendor" value="Oracle Corporation"/>
    <property name="java.vendor.url" value="http://java.oracle.com/"/>
    <property name="path.separator" value=";"/>
    <property name="java.vm.name" value="Java HotSpot(TM) 64-Bit Server VM"/>
    <property name="file.encoding.pkg" value="sun.io"/>
    <property name="user.script" value=""/>
    <property name="user.country" value="US"/>
    <property name="sun.java.launcher" value="SUN_STANDARD"/>
    <property name="sun.os.patch.level" value=""/>
    <property name="java.vm.specification.name" value="Java Virtual Machine Specification"/>
    <property name="user.dir" value="C:\Ramya\Sem_2\CMPE273\Latest\cmpe273-assignment2-master\lib\dropwizard-jobs"/>
    <property name="java.runtime.version" value="1.7.0_15-b03"/>
    <property name="java.awt.graphicsenv" value="sun.awt.Win32GraphicsEnvironment"/>
    <property name="basedir" value="C:\Ramya\Sem_2\CMPE273\Latest\cmpe273-assignment2-master\lib\dropwizard-jobs"/>
    <property name="java.endorsed.dirs" value="C:\Program Files\Java\jdk1.7.0_15\jre\lib\endorsed"/>
    <property name="os.arch" value="amd64"/>
    <property name="surefire.real.class.path" value="C:\Users\Ramya\AppData\Local\Temp\surefirebooter8482516141634313310.jar"/>
    <property name="java.io.tmpdir" value="C:\Users\Ramya\AppData\Local\Temp\"/>
    <property name="line.separator" value="
"/>
    <property name="java.vm.specification.vendor" value="Oracle Corporation"/>
    <property name="user.variant" value=""/>
    <property name="os.name" value="Windows 8"/>
    <property name="sun.jnu.encoding" value="Cp1252"/>
    <property name="java.library.path" value="C:\Program Files\Java\jdk1.7.0_15\jre\bin;C:\Windows\Sun\Java\bin;C:\Windows\system32;C:\Windows;C:\Program Files (x86)\Intel\iCLS Client\;C:\Program Files\Intel\iCLS Client\;C:\Windows\system32;C:\Windows;C:\Windows\System32\Wbem;C:\Windows\System32\WindowsPowerShell\v1.0\;C:\Program Files (x86)\Intel\OpenCL SDK\2.0\bin\x86;C:\Program Files (x86)\Intel\OpenCL SDK\2.0\bin\x64;C:\Program Files\Intel\Intel(R) Management Engine Components\DAL;C:\Program Files\Intel\Intel(R) Management Engine Components\IPT;C:\Program Files (x86)\Intel\Intel(R) Management Engine Components\DAL;C:\Program Files (x86)\Intel\Intel(R) Management Engine Components\IPT;C:\Program Files (x86)\nodejs\;c:\program files\apache-maven-2.1.x\bin;C:\Program Files\Java\jdk1.7.0_15\bin;C:\Program Files\apache-maven-2.2.1\bin;C:\Users\Ramya\AppData\Roaming\npm;."/>
    <property name="surefire.test.class.path" value="C:\Ramya\Sem_2\CMPE273\Latest\cmpe273-assignment2-master\lib\dropwizard-jobs\target\test-classes;C:\Ramya\Sem_2\CMPE273\Latest\cmpe273-assignment2-master\lib\dropwizard-jobs\target\classes;C:\Users\Ramya\.m2\repository\com\yammer\dropwizard\dropwizard-core\0.6.2\dropwizard-core-0.6.2.jar;C:\Users\Ramya\.m2\repository\com\sun\jersey\jersey-core\1.17.1\jersey-core-1.17.1.jar;C:\Users\Ramya\.m2\repository\com\sun\jersey\jersey-server\1.17.1\jersey-server-1.17.1.jar;C:\Users\Ramya\.m2\repository\asm\asm\3.1\asm-3.1.jar;C:\Users\Ramya\.m2\repository\com\sun\jersey\jersey-servlet\1.17.1\jersey-servlet-1.17.1.jar;C:\Users\Ramya\.m2\repository\com\yammer\metrics\metrics-core\2.2.0\metrics-core-2.2.0.jar;C:\Users\Ramya\.m2\repository\org\slf4j\slf4j-api\1.7.4\slf4j-api-1.7.4.jar;C:\Users\Ramya\.m2\repository\com\yammer\metrics\metrics-servlet\2.2.0\metrics-servlet-2.2.0.jar;C:\Users\Ramya\.m2\repository\com\fasterxml\jackson\core\jackson-databind\2.1.4\jackson-databind-2.1.4.jar;C:\Users\Ramya\.m2\repository\com\fasterxml\jackson\core\jackson-annotations\2.1.4\jackson-annotations-2.1.4.jar;C:\Users\Ramya\.m2\repository\com\fasterxml\jackson\core\jackson-core\2.1.4\jackson-core-2.1.4.jar;C:\Users\Ramya\.m2\repository\com\yammer\metrics\metrics-jetty\2.2.0\metrics-jetty-2.2.0.jar;C:\Users\Ramya\.m2\repository\org\eclipse\jetty\jetty-server\8.1.10.v20130312\jetty-server-8.1.10.v20130312.jar;C:\Users\Ramya\.m2\repository\org\eclipse\jetty\orbit\javax.servlet\3.0.0.v201112011016\javax.servlet-3.0.0.v201112011016.jar;C:\Users\Ramya\.m2\repository\org\eclipse\jetty\jetty-continuation\8.1.10.v20130312\jetty-continuation-8.1.10.v20130312.jar;C:\Users\Ramya\.m2\repository\org\eclipse\jetty\jetty-http\8.1.10.v20130312\jetty-http-8.1.10.v20130312.jar;C:\Users\Ramya\.m2\repository\org\eclipse\jetty\jetty-io\8.1.10.v20130312\jetty-io-8.1.10.v20130312.jar;C:\Users\Ramya\.m2\repository\org\eclipse\jetty\jetty-util\8.1.10.v20130312\jetty-util-8.1.10.v20130312.jar;C:\Users\Ramya\.m2\repository\com\yammer\metrics\metrics-logback\2.2.0\metrics-logback-2.2.0.jar;C:\Users\Ramya\.m2\repository\ch\qos\logback\logback-core\1.0.10\logback-core-1.0.10.jar;C:\Users\Ramya\.m2\repository\ch\qos\logback\logback-classic\1.0.10\logback-classic-1.0.10.jar;C:\Users\Ramya\.m2\repository\com\yammer\metrics\metrics-jersey\2.2.0\metrics-jersey-2.2.0.jar;C:\Users\Ramya\.m2\repository\com\yammer\metrics\metrics-annotation\2.2.0\metrics-annotation-2.2.0.jar;C:\Users\Ramya\.m2\repository\com\fasterxml\jackson\jaxrs\jackson-jaxrs-json-provider\2.1.4\jackson-jaxrs-json-provider-2.1.4.jar;C:\Users\Ramya\.m2\repository\com\fasterxml\jackson\module\jackson-module-jaxb-annotations\2.1.4\jackson-module-jaxb-annotations-2.1.4.jar;C:\Users\Ramya\.m2\repository\com\fasterxml\jackson\dataformat\jackson-dataformat-yaml\2.1.4\jackson-dataformat-yaml-2.1.4.jar;C:\Users\Ramya\.m2\repository\com\fasterxml\jackson\datatype\jackson-datatype-guava\2.1.2\jackson-datatype-guava-2.1.2.jar;C:\Users\Ramya\.m2\repository\com\google\guava\guava\14.0.1\guava-14.0.1.jar;C:\Users\Ramya\.m2\repository\com\google\code\findbugs\jsr305\2.0.1\jsr305-2.0.1.jar;C:\Users\Ramya\.m2\repository\net\sourceforge\argparse4j\argparse4j\0.4.0\argparse4j-0.4.0.jar;C:\Users\Ramya\.m2\repository\org\slf4j\jul-to-slf4j\1.7.4\jul-to-slf4j-1.7.4.jar;C:\Users\Ramya\.m2\repository\org\slf4j\log4j-over-slf4j\1.7.4\log4j-over-slf4j-1.7.4.jar;C:\Users\Ramya\.m2\repository\org\eclipse\jetty\jetty-servlet\8.1.10.v20130312\jetty-servlet-8.1.10.v20130312.jar;C:\Users\Ramya\.m2\repository\org\eclipse\jetty\jetty-security\8.1.10.v20130312\jetty-security-8.1.10.v20130312.jar;C:\Users\Ramya\.m2\repository\org\hibernate\hibernate-validator\4.3.1.Final\hibernate-validator-4.3.1.Final.jar;C:\Users\Ramya\.m2\repository\javax\validation\validation-api\1.0.0.GA\validation-api-1.0.0.GA.jar;C:\Users\Ramya\.m2\repository\org\jboss\logging\jboss-logging\3.1.0.CR2\jboss-logging-3.1.0.CR2.jar;C:\Users\Ramya\.m2\repository\joda-time\joda-time\2.2\joda-time-2.2.jar;C:\Users\Ramya\.m2\repository\com\fasterxml\jackson\datatype\jackson-datatype-joda\2.1.2\jackson-datatype-joda-2.1.2.jar;C:\Users\Ramya\.m2\repository\org\quartz-scheduler\quartz\2.2.0\quartz-2.2.0.jar;C:\Users\Ramya\.m2\repository\c3p0\c3p0\0.9.1.1\c3p0-0.9.1.1.jar;C:\Users\Ramya\.m2\repository\org\reflections\reflections\0.9.8\reflections-0.9.8.jar;C:\Users\Ramya\.m2\repository\javassist\javassist\3.12.1.GA\javassist-3.12.1.GA.jar;C:\Users\Ramya\.m2\repository\dom4j\dom4j\1.6.1\dom4j-1.6.1.jar;C:\Users\Ramya\.m2\repository\xml-apis\xml-apis\1.0.b2\xml-apis-1.0.b2.jar;C:\Users\Ramya\.m2\repository\org\hamcrest\hamcrest-all\1.3\hamcrest-all-1.3.jar;C:\Users\Ramya\.m2\repository\junit\junit-dep\4.10\junit-dep-4.10.jar;C:\Users\Ramya\.m2\repository\org\hamcrest\hamcrest-core\1.1\hamcrest-core-1.1.jar;C:\Users\Ramya\.m2\repository\com\yammer\dropwizard\dropwizard-testing\0.6.2\dropwizard-testing-0.6.2.jar;C:\Users\Ramya\.m2\repository\com\sun\jersey\jersey-test-framework\jersey-test-framework-core\1.17.1\jersey-test-framework-core-1.17.1.jar;C:\Users\Ramya\.m2\repository\javax\servlet\javax.servlet-api\3.0.1\javax.servlet-api-3.0.1.jar;C:\Users\Ramya\.m2\repository\junit\junit\4.11\junit-4.11.jar;C:\Users\Ramya\.m2\repository\com\sun\jersey\jersey-client\1.17.1\jersey-client-1.17.1.jar;C:\Users\Ramya\.m2\repository\com\sun\jersey\jersey-test-framework\jersey-test-framework-inmemory\1.17.1\jersey-test-framework-inmemory-1.17.1.jar;C:\Users\Ramya\.m2\repository\org\mockito\mockito-all\1.9.5\mockito-all-1.9.5.jar;C:\Users\Ramya\.m2\repository\org\easytesting\fest-assert-core\2.0M10\fest-assert-core-2.0M10.jar;C:\Users\Ramya\.m2\repository\org\easytesting\fest-util\1.2.5\fest-util-1.2.5.jar;"/>
    <property name="java.specification.name" value="Java Platform API Specification"/>
    <property name="java.class.version" value="51.0"/>
    <property name="sun.management.compiler" value="HotSpot 64-Bit Tiered Compilers"/>
    <property name="os.version" value="6.2"/>
    <property name="user.home" value="C:\Users\Ramya"/>
    <property name="user.timezone" value="America/Los_Angeles"/>
    <property name="java.awt.printerjob" value="sun.awt.windows.WPrinterJob"/>
    <property name="java.specification.version" value="1.7"/>
    <property name="file.encoding" value="Cp1252"/>
    <property name="user.name" value="Ramya"/>
    <property name="java.class.path" value="C:\Ramya\Sem_2\CMPE273\Latest\cmpe273-assignment2-master\lib\dropwizard-jobs\target\test-classes;C:\Ramya\Sem_2\CMPE273\Latest\cmpe273-assignment2-master\lib\dropwizard-jobs\target\classes;C:\Users\Ramya\.m2\repository\com\yammer\dropwizard\dropwizard-core\0.6.2\dropwizard-core-0.6.2.jar;C:\Users\Ramya\.m2\repository\com\sun\jersey\jersey-core\1.17.1\jersey-core-1.17.1.jar;C:\Users\Ramya\.m2\repository\com\sun\jersey\jersey-server\1.17.1\jersey-server-1.17.1.jar;C:\Users\Ramya\.m2\repository\asm\asm\3.1\asm-3.1.jar;C:\Users\Ramya\.m2\repository\com\sun\jersey\jersey-servlet\1.17.1\jersey-servlet-1.17.1.jar;C:\Users\Ramya\.m2\repository\com\yammer\metrics\metrics-core\2.2.0\metrics-core-2.2.0.jar;C:\Users\Ramya\.m2\repository\org\slf4j\slf4j-api\1.7.4\slf4j-api-1.7.4.jar;C:\Users\Ramya\.m2\repository\com\yammer\metrics\metrics-servlet\2.2.0\metrics-servlet-2.2.0.jar;C:\Users\Ramya\.m2\repository\com\fasterxml\jackson\core\jackson-databind\2.1.4\jackson-databind-2.1.4.jar;C:\Users\Ramya\.m2\repository\com\fasterxml\jackson\core\jackson-annotations\2.1.4\jackson-annotations-2.1.4.jar;C:\Users\Ramya\.m2\repository\com\fasterxml\jackson\core\jackson-core\2.1.4\jackson-core-2.1.4.jar;C:\Users\Ramya\.m2\repository\com\yammer\metrics\metrics-jetty\2.2.0\metrics-jetty-2.2.0.jar;C:\Users\Ramya\.m2\repository\org\eclipse\jetty\jetty-server\8.1.10.v20130312\jetty-server-8.1.10.v20130312.jar;C:\Users\Ramya\.m2\repository\org\eclipse\jetty\orbit\javax.servlet\3.0.0.v201112011016\javax.servlet-3.0.0.v201112011016.jar;C:\Users\Ramya\.m2\repository\org\eclipse\jetty\jetty-continuation\8.1.10.v20130312\jetty-continuation-8.1.10.v20130312.jar;C:\Users\Ramya\.m2\repository\org\eclipse\jetty\jetty-http\8.1.10.v20130312\jetty-http-8.1.10.v20130312.jar;C:\Users\Ramya\.m2\repository\org\eclipse\jetty\jetty-io\8.1.10.v20130312\jetty-io-8.1.10.v20130312.jar;C:\Users\Ramya\.m2\repository\org\eclipse\jetty\jetty-util\8.1.10.v20130312\jetty-util-8.1.10.v20130312.jar;C:\Users\Ramya\.m2\repository\com\yammer\metrics\metrics-logback\2.2.0\metrics-logback-2.2.0.jar;C:\Users\Ramya\.m2\repository\ch\qos\logback\logback-core\1.0.10\logback-core-1.0.10.jar;C:\Users\Ramya\.m2\repository\ch\qos\logback\logback-classic\1.0.10\logback-classic-1.0.10.jar;C:\Users\Ramya\.m2\repository\com\yammer\metrics\metrics-jersey\2.2.0\metrics-jersey-2.2.0.jar;C:\Users\Ramya\.m2\repository\com\yammer\metrics\metrics-annotation\2.2.0\metrics-annotation-2.2.0.jar;C:\Users\Ramya\.m2\repository\com\fasterxml\jackson\jaxrs\jackson-jaxrs-json-provider\2.1.4\jackson-jaxrs-json-provider-2.1.4.jar;C:\Users\Ramya\.m2\repository\com\fasterxml\jackson\module\jackson-module-jaxb-annotations\2.1.4\jackson-module-jaxb-annotations-2.1.4.jar;C:\Users\Ramya\.m2\repository\com\fasterxml\jackson\dataformat\jackson-dataformat-yaml\2.1.4\jackson-dataformat-yaml-2.1.4.jar;C:\Users\Ramya\.m2\repository\com\fasterxml\jackson\datatype\jackson-datatype-guava\2.1.2\jackson-datatype-guava-2.1.2.jar;C:\Users\Ramya\.m2\repository\com\google\guava\guava\14.0.1\guava-14.0.1.jar;C:\Users\Ramya\.m2\repository\com\google\code\findbugs\jsr305\2.0.1\jsr305-2.0.1.jar;C:\Users\Ramya\.m2\repository\net\sourceforge\argparse4j\argparse4j\0.4.0\argparse4j-0.4.0.jar;C:\Users\Ramya\.m2\repository\org\slf4j\jul-to-slf4j\1.7.4\jul-to-slf4j-1.7.4.jar;C:\Users\Ramya\.m2\repository\org\slf4j\log4j-over-slf4j\1.7.4\log4j-over-slf4j-1.7.4.jar;C:\Users\Ramya\.m2\repository\org\eclipse\jetty\jetty-servlet\8.1.10.v20130312\jetty-servlet-8.1.10.v20130312.jar;C:\Users\Ramya\.m2\repository\org\eclipse\jetty\jetty-security\8.1.10.v20130312\jetty-security-8.1.10.v20130312.jar;C:\Users\Ramya\.m2\repository\org\hibernate\hibernate-validator\4.3.1.Final\hibernate-validator-4.3.1.Final.jar;C:\Users\Ramya\.m2\repository\javax\validation\validation-api\1.0.0.GA\validation-api-1.0.0.GA.jar;C:\Users\Ramya\.m2\repository\org\jboss\logging\jboss-logging\3.1.0.CR2\jboss-logging-3.1.0.CR2.jar;C:\Users\Ramya\.m2\repository\joda-time\joda-time\2.2\joda-time-2.2.jar;C:\Users\Ramya\.m2\repository\com\fasterxml\jackson\datatype\jackson-datatype-joda\2.1.2\jackson-datatype-joda-2.1.2.jar;C:\Users\Ramya\.m2\repository\org\quartz-scheduler\quartz\2.2.0\quartz-2.2.0.jar;C:\Users\Ramya\.m2\repository\c3p0\c3p0\0.9.1.1\c3p0-0.9.1.1.jar;C:\Users\Ramya\.m2\repository\org\reflections\reflections\0.9.8\reflections-0.9.8.jar;C:\Users\Ramya\.m2\repository\javassist\javassist\3.12.1.GA\javassist-3.12.1.GA.jar;C:\Users\Ramya\.m2\repository\dom4j\dom4j\1.6.1\dom4j-1.6.1.jar;C:\Users\Ramya\.m2\repository\xml-apis\xml-apis\1.0.b2\xml-apis-1.0.b2.jar;C:\Users\Ramya\.m2\repository\org\hamcrest\hamcrest-all\1.3\hamcrest-all-1.3.jar;C:\Users\Ramya\.m2\repository\junit\junit-dep\4.10\junit-dep-4.10.jar;C:\Users\Ramya\.m2\repository\org\hamcrest\hamcrest-core\1.1\hamcrest-core-1.1.jar;C:\Users\Ramya\.m2\repository\com\yammer\dropwizard\dropwizard-testing\0.6.2\dropwizard-testing-0.6.2.jar;C:\Users\Ramya\.m2\repository\com\sun\jersey\jersey-test-framework\jersey-test-framework-core\1.17.1\jersey-test-framework-core-1.17.1.jar;C:\Users\Ramya\.m2\repository\javax\servlet\javax.servlet-api\3.0.1\javax.servlet-api-3.0.1.jar;C:\Users\Ramya\.m2\repository\junit\junit\4.11\junit-4.11.jar;C:\Users\Ramya\.m2\repository\com\sun\jersey\jersey-client\1.17.1\jersey-client-1.17.1.jar;C:\Users\Ramya\.m2\repository\com\sun\jersey\jersey-test-framework\jersey-test-framework-inmemory\1.17.1\jersey-test-framework-inmemory-1.17.1.jar;C:\Users\Ramya\.m2\repository\org\mockito\mockito-all\1.9.5\mockito-all-1.9.5.jar;C:\Users\Ramya\.m2\repository\org\easytesting\fest-assert-core\2.0M10\fest-assert-core-2.0M10.jar;C:\Users\Ramya\.m2\repository\org\easytesting\fest-util\1.2.5\fest-util-1.2.5.jar;"/>
    <property name="java.vm.specification.version" value="1.7"/>
    <property name="sun.arch.data.model" value="64"/>
    <property name="java.home" value="C:\Program Files\Java\jdk1.7.0_15\jre"/>
    <property name="sun.java.command" value="C:\Users\Ramya\AppData\Local\Temp\surefirebooter8482516141634313310.jar C:\Users\Ramya\AppData\Local\Temp\surefire4031343893862561920tmp C:\Users\Ramya\AppData\Local\Temp\surefire594053608085112823tmp"/>
    <property name="java.specification.vendor" value="Oracle Corporation"/>
    <property name="user.language" value="en"/>
    <property name="awt.toolkit" value="sun.awt.windows.WToolkit"/>
    <property name="java.vm.info" value="mixed mode"/>
    <property name="java.version" value="1.7.0_15"/>
    <property name="java.ext.dirs" value="C:\Program Files\Java\jdk1.7.0_15\jre\lib\ext;C:\Windows\Sun\Java\lib\ext"/>
    <property name="sun.boot.class.path" value="C:\Program Files\Java\jdk1.7.0_15\jre\lib\resources.jar;C:\Program Files\Java\jdk1.7.0_15\jre\lib\rt.jar;C:\Program Files\Java\jdk1.7.0_15\jre\lib\sunrsasign.jar;C:\Program Files\Java\jdk1.7.0_15\jre\lib\jsse.jar;C:\Program Files\Java\jdk1.7.0_15\jre\lib\jce.jar;C:\Program Files\Java\jdk1.7.0_15\jre\lib\charsets.jar;C:\Program Files\Java\jdk1.7.0_15\jre\lib\jfr.jar;C:\Program Files\Java\jdk1.7.0_15\jre\classes"/>
    <property name="java.vendor" value="Oracle Corporation"/>
    <property name="localRepository" value="C:\Users\Ramya\.m2\repository"/>
    <property name="file.separator" value="\"/>
    <property name="java.vendor.url.bug" value="http://bugreport.sun.com/bugreport/"/>
    <property name="sun.cpu.endian" value="little"/>
    <property name="sun.io.unicode.encoding" value="UnicodeLittle"/>
    <property name="sun.desktop" value="windows"/>
    <property name="sun.cpu.isalist" value="amd64"/>
  </properties>
  <testcase time="0.145" classname="de.spinscale.dropwizard.jobs.JobsBundleTest" name="assertJobsBundleIsWorking"/>
</testsuite>